  Req.cpp
C:\Users\diesi\source\repos\Req\Common\Include\StringProcess.h(127,43): warning C4267: 'initializing': conversion from 'size_t' to 'unsigned int', possible loss of data
C:\Users\diesi\source\repos\Req\Common\Include\StringProcess.h(147,43): warning C4267: 'initializing': conversion from 'size_t' to 'unsigned int', possible loss of data
C:\Users\diesi\source\repos\Req\Common\Include\StringProcess.h(242,45): warning C4267: 'argument': conversion from 'size_t' to 'int', possible loss of data
C:\Users\diesi\source\repos\Req\Common\Include\StringProcess.h(260,45): warning C4267: 'argument': conversion from 'size_t' to 'int', possible loss of data
C:\Users\diesi\source\repos\Req\Common\Include\StringProcess.h(321,71): warning C4267: 'initializing': conversion from 'size_t' to 'unsigned int', possible loss of data
C:\Users\diesi\source\repos\Req\Common\Include\StringProcess.h(337,58): warning C4267: '=': conversion from 'size_t' to 'unsigned int', possible loss of data
C:\Users\diesi\source\repos\Req\Common\Include\StringProcess.h(366,58): warning C4267: '+=': conversion from 'size_t' to 'unsigned int', possible loss of data
C:\Users\diesi\source\repos\Req\Common\Include\StringProcess.h(370,118): warning C4267: '+=': conversion from 'size_t' to 'unsigned int', possible loss of data
C:\Users\diesi\source\repos\Req\Common\Include\StringProcess.h(461,16): warning C4267: 'argument': conversion from 'size_t' to 'DWORD', possible loss of data
C:\Users\diesi\source\repos\Req\Common\Include\StringProcess.h(533,52): warning C4267: 'initializing': conversion from 'size_t' to 'unsigned int', possible loss of data
C:\Users\diesi\source\repos\Req\Common\Include\StringProcess.h(536,44): warning C4267: '=': conversion from 'size_t' to 'unsigned int', possible loss of data
C:\Users\diesi\source\repos\Req\Common\Include\WinHttpClient.h(195,8): warning C4267: 'argument': conversion from 'size_t' to 'DWORD', possible loss of data
C:\Users\diesi\source\repos\Req\Common\Include\WinHttpClient.h(234,28): warning C4267: 'argument': conversion from 'size_t' to 'DWORD', possible loss of data
C:\Users\diesi\source\repos\Req\Common\Include\WinHttpClient.h(243,28): warning C4267: 'argument': conversion from 'size_t' to 'DWORD', possible loss of data
C:\Users\diesi\source\repos\Req\Common\Include\WinHttpClient.h(264,32): warning C4267: 'argument': conversion from 'size_t' to 'DWORD', possible loss of data
C:\Users\diesi\source\repos\Req\Common\Include\WinHttpClient.h(270,36): warning C4267: 'argument': conversion from 'size_t' to 'DWORD', possible loss of data
C:\Users\diesi\source\repos\Req\Req\Req.cpp(43,68): warning C4267: 'argument': conversion from 'size_t' to 'unsigned int', possible loss of data
C:\Users\diesi\source\repos\Req\Req\Req.cpp(47,24): warning C4477: 'swprintf_s' : format string '%d' requires an argument of type 'int', but variadic argument 1 has type 'unsigned __int64'
C:\Users\diesi\source\repos\Req\Req\Req.cpp(47,24): message : consider using '%zd' in the format string
  Generating code
  Previous IPDB not found, fall back to full compilation.
  All 453 functions were compiled because no usable IPDB/IOBJ from previous compilation was found.
  Finished generating code
  Req.vcxproj -> C:\Users\diesi\source\repos\Req\x64\Release\Req.exe
